<?xml version="1.0" encoding="UTF-8"?>
<testng-results skipped="0" failed="0" ignored="0" total="1" passed="1">
  <reporter-output>
  </reporter-output>
  <suite name="Suite" duration-ms="22775" started-at="2020-02-06T15:26:34Z" finished-at="2020-02-06T15:26:56Z">
    <groups>
    </groups>
    <test name="ATS Web TestCases" duration-ms="22775" started-at="2020-02-06T15:26:34Z" finished-at="2020-02-06T15:26:56Z">
      <class name="com.ats.qa.testcases.DashBoardPageTest">
        <test-method status="PASS" signature="setUp()[pri:0, instance:com.ats.qa.testcases.DashBoardPageTest@1e88b3c]" name="setUp" is-config="true" duration-ms="9612" started-at="2020-02-06T10:26:34Z" finished-at="2020-02-06T10:26:43Z">
          <reporter-output>
          </reporter-output>
        </test-method> <!-- setUp -->
        <test-method status="PASS" signature="verifyCreateNewProjectTest()[pri:1, instance:com.ats.qa.testcases.DashBoardPageTest@1e88b3c]" name="verifyCreateNewProjectTest" duration-ms="12425" started-at="2020-02-06T10:26:43Z" finished-at="2020-02-06T10:26:56Z">
          <reporter-output>
          </reporter-output>
        </test-method> <!-- verifyCreateNewProjectTest -->
        <test-method status="PASS" signature="tearDown()[pri:0, instance:com.ats.qa.testcases.DashBoardPageTest@1e88b3c]" name="tearDown" is-config="true" duration-ms="716" started-at="2020-02-06T10:26:56Z" finished-at="2020-02-06T10:26:56Z">
          <reporter-output>
          </reporter-output>
        </test-method> <!-- tearDown -->
      </class> <!-- com.ats.qa.testcases.DashBoardPageTest -->
    </test> <!-- ATS Web TestCases -->
  </suite> <!-- Suite -->
</testng-results>
